2026-05-02 21:19:18,124 | INFO | Question: What are unidirectional error correcting codes?
2026-05-02 21:19:18,125 | INFO | chunk_id=paper_001_chunk_0022 paper_id=paper_001 similarity=0.7831 preview=unidirectional errors, thus a detection of unidirectional errors is required. In addition, byte-error- correcting/detecting codes are useful for protection against byte errors whic
2026-05-02 21:19:18,125 | INFO | chunk_id=paper_001_chunk_0004 paper_id=paper_001 similarity=0.7818 preview=k≤31. S. Al-Bassam [5] presents an improved method to construct t error-correcting and all unidirectional error detecting codes (t-EC/AUED). Umanesan and Fujiwara [6] propose a cla
2026-05-02 21:19:18,126 | INFO | chunk_id=paper_001_chunk_0003 paper_id=paper_001 similarity=0.7712 preview=Keywords: Unidirctional Error Coding, Correcting Codes Design, Error Detection and Correcting and Error Constructing Codes. 1. Introduction In recent years, there has an increasing
2026-05-02 21:19:18,126 | INFO | chunk_id=paper_001_chunk_0008 paper_id=paper_001 similarity=0.7581 preview=short duration, are expected to cause a limited number of errors. On the other hand, permanent faults cause either symmetric or unidirectional errors, depending on the nature of th
2026-05-02 21:19:18,126 | INFO | chunk_id=paper_001_chunk_0005 paper_id=paper_001 similarity=0.7551 preview=memories cannot exceed 1/t, where t is the number of bit errors the code can correct. Naydenova and Kløve [9] study codes that can correct up to t symmetric errors and detect all u
2026-05-02 21:19:18,243 | INFO | Question: How does the study compare different memory error correcting codes?
2026-05-02 21:19:18,243 | INFO | chunk_id=paper_001_chunk_0009 paper_id=paper_001 similarity=0.7593 preview=systems. The error correction can be incorporated in to the hardware. In particular the class of single error-correcting and double error-detecting (SEC-DED) binary codes has been 
2026-05-02 21:19:18,243 | INFO | chunk_id=paper_001_chunk_0002 paper_id=paper_001 similarity=0.7584 preview=Abstract In order to achieve fault tolerance, highly reliable system often require the ability to detect errors as soon as they occur and prevent the speared of erroneous informati
2026-05-02 21:19:18,243 | INFO | chunk_id=paper_001_chunk_0021 paper_id=paper_001 similarity=0.7419 preview=⎥⎦ ⎤ ⎢⎣ ⎡ Η Η = Η′ 1 1 1 0 0 0 K K (13) Eq. (13) is a SbEC-DbED code. Table (4) is obtained after applying theorem 2 to the parameters in table (2). Table (5) shows the results whe
2026-05-02 21:19:18,243 | INFO | chunk_id=paper_001_chunk_0004 paper_id=paper_001 similarity=0.7395 preview=k≤31. S. Al-Bassam [5] presents an improved method to construct t error-correcting and all unidirectional error detecting codes (t-EC/AUED). Umanesan and Fujiwara [6] propose a cla
2026-05-02 21:19:18,243 | INFO | chunk_id=paper_001_chunk_0005 paper_id=paper_001 similarity=0.7375 preview=memories cannot exceed 1/t, where t is the number of bit errors the code can correct. Naydenova and Kløve [9] study codes that can correct up to t symmetric errors and detect all u
2026-05-02 21:19:21,328 | INFO | Question: What are the benefits of the proposed coding scheme?
2026-05-02 21:19:21,330 | INFO | chunk_id=paper_015_chunk_0013 paper_id=paper_015 similarity=0.5268 preview=41.09% Re Search Direct Preference Optimization Critic Figure 1: Overview of the RAG-Gym framework. RAG-Gym employs a modular design, comprising prompt engineering, actor tuning, a
2026-05-02 21:19:21,330 | INFO | chunk_id=paper_017_chunk_0206 paper_id=paper_017 similarity=0.5146 preview=7. Future collider proposals outside CERN Table 7.2: Cost summary table for the CEPC project for the baseline scenario with two experiments and its possible upgrades to high beam p
2026-05-02 21:19:21,330 | INFO | chunk_id=paper_017_chunk_0034 paper_id=paper_017 similarity=0.5144 preview=CERN Yellow Reports: Monographs, CERN-2025-011 LEP3 - 2025), are based on scaling from earlier conceptual designs and assume the use of FCC-ee SRF systems. The collider would requi
2026-05-02 21:19:21,330 | INFO | chunk_id=paper_020_chunk_0046 paper_id=paper_020 similarity=0.5136 preview=nation into governed contracts. Runtime reliability, in turn, moves into harness logic, where constraints, observability, and feedback loops can be made explicit. This redistributi
2026-05-02 21:19:21,330 | INFO | chunk_id=paper_017_chunk_0035 paper_id=paper_017 similarity=0.5123 preview=consumption prospected by the proponents is comparable to that of FCC-ee at the lowest energy and we can expect that the resources required to operate LEP3 will be similar to those
2026-05-02 22:57:09,498 | INFO | Question: What are unidirectional error correcting codes?
2026-05-02 22:57:09,498 | INFO | chunk_id=paper_001_chunk_0022 paper_id=paper_001 similarity=0.7831 preview=unidirectional errors, thus a detection of unidirectional errors is required. In addition, byte-error- correcting/detecting codes are useful for protection against byte errors whic
2026-05-02 22:57:09,499 | INFO | chunk_id=paper_001_chunk_0004 paper_id=paper_001 similarity=0.7818 preview=k≤31. S. Al-Bassam [5] presents an improved method to construct t error-correcting and all unidirectional error detecting codes (t-EC/AUED). Umanesan and Fujiwara [6] propose a cla
2026-05-02 22:57:09,499 | INFO | chunk_id=paper_001_chunk_0003 paper_id=paper_001 similarity=0.7712 preview=Keywords: Unidirctional Error Coding, Correcting Codes Design, Error Detection and Correcting and Error Constructing Codes. 1. Introduction In recent years, there has an increasing
2026-05-02 22:57:09,499 | INFO | chunk_id=paper_001_chunk_0008 paper_id=paper_001 similarity=0.7581 preview=short duration, are expected to cause a limited number of errors. On the other hand, permanent faults cause either symmetric or unidirectional errors, depending on the nature of th
2026-05-02 22:57:09,499 | INFO | chunk_id=paper_001_chunk_0005 paper_id=paper_001 similarity=0.7551 preview=memories cannot exceed 1/t, where t is the number of bit errors the code can correct. Naydenova and Kløve [9] study codes that can correct up to t symmetric errors and detect all u
2026-05-02 22:57:09,589 | INFO | Question: How does the study compare different memory error correcting codes?
2026-05-02 22:57:09,589 | INFO | chunk_id=paper_001_chunk_0009 paper_id=paper_001 similarity=0.7593 preview=systems. The error correction can be incorporated in to the hardware. In particular the class of single error-correcting and double error-detecting (SEC-DED) binary codes has been 
2026-05-02 22:57:09,589 | INFO | chunk_id=paper_001_chunk_0002 paper_id=paper_001 similarity=0.7584 preview=Abstract In order to achieve fault tolerance, highly reliable system often require the ability to detect errors as soon as they occur and prevent the speared of erroneous informati
2026-05-02 22:57:09,589 | INFO | chunk_id=paper_001_chunk_0021 paper_id=paper_001 similarity=0.7419 preview=⎥⎦ ⎤ ⎢⎣ ⎡ Η Η = Η′ 1 1 1 0 0 0 K K (13) Eq. (13) is a SbEC-DbED code. Table (4) is obtained after applying theorem 2 to the parameters in table (2). Table (5) shows the results whe
2026-05-02 22:57:09,589 | INFO | chunk_id=paper_001_chunk_0004 paper_id=paper_001 similarity=0.7395 preview=k≤31. S. Al-Bassam [5] presents an improved method to construct t error-correcting and all unidirectional error detecting codes (t-EC/AUED). Umanesan and Fujiwara [6] propose a cla
2026-05-02 22:57:09,589 | INFO | chunk_id=paper_001_chunk_0005 paper_id=paper_001 similarity=0.7375 preview=memories cannot exceed 1/t, where t is the number of bit errors the code can correct. Naydenova and Kløve [9] study codes that can correct up to t symmetric errors and detect all u
2026-05-02 22:57:09,712 | INFO | Question: What are the benefits of the proposed coding scheme?
2026-05-02 22:57:09,712 | INFO | chunk_id=paper_015_chunk_0013 paper_id=paper_015 similarity=0.5268 preview=41.09% Re Search Direct Preference Optimization Critic Figure 1: Overview of the RAG-Gym framework. RAG-Gym employs a modular design, comprising prompt engineering, actor tuning, a
2026-05-02 22:57:09,712 | INFO | chunk_id=paper_017_chunk_0206 paper_id=paper_017 similarity=0.5146 preview=7. Future collider proposals outside CERN Table 7.2: Cost summary table for the CEPC project for the baseline scenario with two experiments and its possible upgrades to high beam p
2026-05-02 22:57:09,712 | INFO | chunk_id=paper_017_chunk_0034 paper_id=paper_017 similarity=0.5144 preview=CERN Yellow Reports: Monographs, CERN-2025-011 LEP3 - 2025), are based on scaling from earlier conceptual designs and assume the use of FCC-ee SRF systems. The collider would requi
2026-05-02 22:57:09,712 | INFO | chunk_id=paper_020_chunk_0046 paper_id=paper_020 similarity=0.5136 preview=nation into governed contracts. Runtime reliability, in turn, moves into harness logic, where constraints, observability, and feedback loops can be made explicit. This redistributi
2026-05-02 22:57:09,712 | INFO | chunk_id=paper_017_chunk_0035 paper_id=paper_017 similarity=0.5123 preview=consumption prospected by the proponents is comparable to that of FCC-ee at the lowest energy and we can expect that the resources required to operate LEP3 will be similar to those
2026-05-03 01:28:05,023 | INFO | Question: What are unidirectional error correcting codes
2026-05-03 01:28:05,023 | INFO | chunk_id=paper_001_chunk_0004 paper_id=paper_001 similarity=0.7829 preview=k≤31. S. Al-Bassam [5] presents an improved method to construct t error-correcting and all unidirectional error detecting codes (t-EC/AUED). Umanesan and Fujiwara [6] propose a cla
2026-05-03 01:28:05,023 | INFO | chunk_id=paper_001_chunk_0003 paper_id=paper_001 similarity=0.7779 preview=Keywords: Unidirctional Error Coding, Correcting Codes Design, Error Detection and Correcting and Error Constructing Codes. 1. Introduction In recent years, there has an increasing
2026-05-03 01:28:05,023 | INFO | chunk_id=paper_001_chunk_0022 paper_id=paper_001 similarity=0.7741 preview=unidirectional errors, thus a detection of unidirectional errors is required. In addition, byte-error- correcting/detecting codes are useful for protection against byte errors whic
2026-05-03 01:28:05,023 | INFO | chunk_id=paper_001_chunk_0005 paper_id=paper_001 similarity=0.7464 preview=memories cannot exceed 1/t, where t is the number of bit errors the code can correct. Naydenova and Kløve [9] study codes that can correct up to t symmetric errors and detect all u
2026-05-03 01:28:05,023 | INFO | chunk_id=paper_001_chunk_0008 paper_id=paper_001 similarity=0.7457 preview=short duration, are expected to cause a limited number of errors. On the other hand, permanent faults cause either symmetric or unidirectional errors, depending on the nature of th
2026-05-03 01:28:05,023 | INFO | chunk_id=paper_001_chunk_0011 paper_id=paper_001 similarity=0.7179 preview=a cyclic symbol error-correcting code. The RS code represent a very important class of algebraic error- correcting codes, which has been used for improving the reliability of compa
2026-05-03 01:28:05,023 | INFO | chunk_id=paper_001_chunk_0007 paper_id=paper_001 similarity=0.7061 preview=www.IJCSI.org 2. Coding Theory The theory and practice of error-correction coding is concerned with protection of digital information against the errors that occur during data tran
2026-05-03 01:28:05,023 | INFO | chunk_id=paper_001_chunk_0021 paper_id=paper_001 similarity=0.7016 preview=⎥⎦ ⎤ ⎢⎣ ⎡ Η Η = Η′ 1 1 1 0 0 0 K K (13) Eq. (13) is a SbEC-DbED code. Table (4) is obtained after applying theorem 2 to the parameters in table (2). Table (5) shows the results whe
2026-05-03 01:28:05,023 | INFO | chunk_id=paper_001_chunk_0009 paper_id=paper_001 similarity=0.6446 preview=systems. The error correction can be incorporated in to the hardware. In particular the class of single error-correcting and double error-detecting (SEC-DED) binary codes has been 
2026-05-03 01:28:05,023 | INFO | chunk_id=paper_001_chunk_0010 paper_id=paper_001 similarity=0.6424 preview=(or byte) per chip organization [13]. Coding techniques play a major role in segment the information in to m blocks each block of k-bit or it may be taken as a single block of leng
2026-05-03 01:29:53,875 | INFO | Question: What are unidirectional error correcting codes
2026-05-03 01:29:53,875 | INFO | chunk_id=paper_001_chunk_0004 paper_id=paper_001 similarity=0.7829 preview=k≤31. S. Al-Bassam [5] presents an improved method to construct t error-correcting and all unidirectional error detecting codes (t-EC/AUED). Umanesan and Fujiwara [6] propose a cla
2026-05-03 01:29:53,875 | INFO | chunk_id=paper_001_chunk_0003 paper_id=paper_001 similarity=0.7779 preview=Keywords: Unidirctional Error Coding, Correcting Codes Design, Error Detection and Correcting and Error Constructing Codes. 1. Introduction In recent years, there has an increasing
2026-05-03 01:29:53,875 | INFO | chunk_id=paper_001_chunk_0022 paper_id=paper_001 similarity=0.7741 preview=unidirectional errors, thus a detection of unidirectional errors is required. In addition, byte-error- correcting/detecting codes are useful for protection against byte errors whic
2026-05-03 01:29:53,875 | INFO | chunk_id=paper_001_chunk_0005 paper_id=paper_001 similarity=0.7464 preview=memories cannot exceed 1/t, where t is the number of bit errors the code can correct. Naydenova and Kløve [9] study codes that can correct up to t symmetric errors and detect all u
2026-05-03 01:29:53,875 | INFO | chunk_id=paper_001_chunk_0008 paper_id=paper_001 similarity=0.7457 preview=short duration, are expected to cause a limited number of errors. On the other hand, permanent faults cause either symmetric or unidirectional errors, depending on the nature of th
2026-05-03 01:29:53,875 | INFO | chunk_id=paper_001_chunk_0011 paper_id=paper_001 similarity=0.7179 preview=a cyclic symbol error-correcting code. The RS code represent a very important class of algebraic error- correcting codes, which has been used for improving the reliability of compa
2026-05-03 01:29:53,875 | INFO | chunk_id=paper_001_chunk_0007 paper_id=paper_001 similarity=0.7061 preview=www.IJCSI.org 2. Coding Theory The theory and practice of error-correction coding is concerned with protection of digital information against the errors that occur during data tran
2026-05-03 01:29:53,875 | INFO | chunk_id=paper_001_chunk_0021 paper_id=paper_001 similarity=0.7016 preview=⎥⎦ ⎤ ⎢⎣ ⎡ Η Η = Η′ 1 1 1 0 0 0 K K (13) Eq. (13) is a SbEC-DbED code. Table (4) is obtained after applying theorem 2 to the parameters in table (2). Table (5) shows the results whe
2026-05-03 01:29:53,875 | INFO | chunk_id=paper_001_chunk_0009 paper_id=paper_001 similarity=0.6446 preview=systems. The error correction can be incorporated in to the hardware. In particular the class of single error-correcting and double error-detecting (SEC-DED) binary codes has been 
2026-05-03 01:29:53,875 | INFO | chunk_id=paper_001_chunk_0010 paper_id=paper_001 similarity=0.6424 preview=(or byte) per chip organization [13]. Coding techniques play a major role in segment the information in to m blocks each block of k-bit or it may be taken as a single block of leng
2026-05-03 02:09:00,147 | INFO | Question: What are unidirectional error correcting codes?
2026-05-03 02:09:00,147 | INFO | chunk_id=paper_001_chunk_0022 paper_id=paper_001 similarity=0.7831 preview=unidirectional errors, thus a detection of unidirectional errors is required. In addition, byte-error- correcting/detecting codes are useful for protection against byte errors whic
2026-05-03 02:09:00,147 | INFO | chunk_id=paper_001_chunk_0004 paper_id=paper_001 similarity=0.7818 preview=k≤31. S. Al-Bassam [5] presents an improved method to construct t error-correcting and all unidirectional error detecting codes (t-EC/AUED). Umanesan and Fujiwara [6] propose a cla
2026-05-03 02:09:00,147 | INFO | chunk_id=paper_001_chunk_0003 paper_id=paper_001 similarity=0.7712 preview=Keywords: Unidirctional Error Coding, Correcting Codes Design, Error Detection and Correcting and Error Constructing Codes. 1. Introduction In recent years, there has an increasing
2026-05-03 02:09:00,147 | INFO | chunk_id=paper_001_chunk_0008 paper_id=paper_001 similarity=0.7581 preview=short duration, are expected to cause a limited number of errors. On the other hand, permanent faults cause either symmetric or unidirectional errors, depending on the nature of th
2026-05-03 02:09:00,147 | INFO | chunk_id=paper_001_chunk_0005 paper_id=paper_001 similarity=0.7551 preview=memories cannot exceed 1/t, where t is the number of bit errors the code can correct. Naydenova and Kløve [9] study codes that can correct up to t symmetric errors and detect all u
2026-05-03 02:09:10,661 | INFO | Question: How does the study compare different memory error correcting codes?
2026-05-03 02:09:10,663 | INFO | chunk_id=paper_001_chunk_0009 paper_id=paper_001 similarity=0.7593 preview=systems. The error correction can be incorporated in to the hardware. In particular the class of single error-correcting and double error-detecting (SEC-DED) binary codes has been 
2026-05-03 02:09:10,663 | INFO | chunk_id=paper_001_chunk_0002 paper_id=paper_001 similarity=0.7584 preview=Abstract In order to achieve fault tolerance, highly reliable system often require the ability to detect errors as soon as they occur and prevent the speared of erroneous informati
2026-05-03 02:09:10,663 | INFO | chunk_id=paper_001_chunk_0021 paper_id=paper_001 similarity=0.7419 preview=⎥⎦ ⎤ ⎢⎣ ⎡ Η Η = Η′ 1 1 1 0 0 0 K K (13) Eq. (13) is a SbEC-DbED code. Table (4) is obtained after applying theorem 2 to the parameters in table (2). Table (5) shows the results whe
2026-05-03 02:09:10,663 | INFO | chunk_id=paper_001_chunk_0004 paper_id=paper_001 similarity=0.7395 preview=k≤31. S. Al-Bassam [5] presents an improved method to construct t error-correcting and all unidirectional error detecting codes (t-EC/AUED). Umanesan and Fujiwara [6] propose a cla
2026-05-03 02:09:10,663 | INFO | chunk_id=paper_001_chunk_0005 paper_id=paper_001 similarity=0.7375 preview=memories cannot exceed 1/t, where t is the number of bit errors the code can correct. Naydenova and Kløve [9] study codes that can correct up to t symmetric errors and detect all u
2026-05-03 02:09:20,021 | INFO | Question: What are the benefits of the proposed coding scheme?
2026-05-03 02:09:20,021 | INFO | chunk_id=paper_015_chunk_0013 paper_id=paper_015 similarity=0.5268 preview=41.09% Re Search Direct Preference Optimization Critic Figure 1: Overview of the RAG-Gym framework. RAG-Gym employs a modular design, comprising prompt engineering, actor tuning, a
2026-05-03 02:09:20,021 | INFO | chunk_id=paper_017_chunk_0206 paper_id=paper_017 similarity=0.5146 preview=7. Future collider proposals outside CERN Table 7.2: Cost summary table for the CEPC project for the baseline scenario with two experiments and its possible upgrades to high beam p
2026-05-03 02:09:20,021 | INFO | chunk_id=paper_017_chunk_0034 paper_id=paper_017 similarity=0.5144 preview=CERN Yellow Reports: Monographs, CERN-2025-011 LEP3 - 2025), are based on scaling from earlier conceptual designs and assume the use of FCC-ee SRF systems. The collider would requi
2026-05-03 02:09:20,021 | INFO | chunk_id=paper_020_chunk_0046 paper_id=paper_020 similarity=0.5136 preview=nation into governed contracts. Runtime reliability, in turn, moves into harness logic, where constraints, observability, and feedback loops can be made explicit. This redistributi
2026-05-03 02:09:20,021 | INFO | chunk_id=paper_017_chunk_0035 paper_id=paper_017 similarity=0.5123 preview=consumption prospected by the proponents is comparable to that of FCC-ee at the lowest energy and we can expect that the resources required to operate LEP3 will be similar to those
